(1777144748.724744) can0 236#00
(1777144748.732528) can0 406#04000000
(1777144748.732606) can0 416#ACFFFFFF
(1777144748.732606) can0 416#ACFFFFFF
(1777144748.782600) can0 406#08000000
(1777144748.782622) can0 416#54000000
(1777144748.782622) can0 416#54000000
(1777144748.782702) can0 5F6#FB0000021D000000
(1777144748.782702) can0 5F6#FB0000021D000000
(1777144748.782796) can0 426#402BFEFFC0D40100
(1777144748.782988) can0 436#5014000000020100
(1777144748.832549) can0 406#00000000
(1777144748.832623) can0 416#57FFFFFF
(1777144748.832623) can0 416#57FFFFFF
(1777144748.882501) can0 406#04000000
(1777144748.882609) can0 416#55000000
(1777144748.882609) can0 416#55000000
(1777144748.926484) can0 216#00000000
(1777144748.932541) can0 406#00000000
(1777144748.932621) can0 416#ABFFFFFF
(1777144748.932621) can0 416#ABFFFFFF
(1777144748.979136) can0 216#00000000
(1777144748.982542) can0 406#08000000
(1777144748.982620) can0 416#A9000000
(1777144748.982620) can0 416#A9000000
(1777144749.030866) can0 216#00000000
(1777144749.032482) can0 406#00000000
(1777144749.032608) can0 416#57FFFFFF
(1777144749.032608) can0 416#57FFFFFF
(1777144749.082360) can0 216#00000000
(1777144749.082469) can0 406#08000000
(1777144749.082601) can0 416#A9000000
(1777144749.082601) can0 416#A9000000
(1777144749.132485) can0 406#00000000
(1777144749.132608) can0 416#57FFFFFF
(1777144749.132608) can0 416#57FFFFFF
(1777144749.135136) can0 216#00000000
(1777144749.182551) can0 406#08000000
(1777144749.182620) can0 416#A9000000
(1777144749.182620) can0 416#A9000000
(1777144749.186566) can0 216#00000000
(1777144749.232560) can0 406#04000000
(1777144749.232614) can0 416#ACFFFFFF
(1777144749.232614) can0 416#ACFFFFFF
(1777144749.238376) can0 216#00000000
(1777144749.282647) can0 5F6#FB0000021D000000
(1777144749.282647) can0 5F6#FB0000021D000000
(1777144749.282670) can0 426#402BFEFFC0D40100
(1777144749.282753) can0 436#5014000000020100
(1777144749.282843) can0 406#00000000
(1777144749.282932) can0 416#ABFFFFFF
(1777144749.282932) can0 416#ABFFFFFF
(1777144749.289793) can0 216#00000000
(1777144749.332527) can0 406#04000000
(1777144749.332574) can0 416#55000000
(1777144749.332574) can0 416#55000000
(1777144749.342763) can0 216#00000000
(1777144749.382543) can0 406#00000000
(1777144749.382620) can0 416#ABFFFFFF
(1777144749.382620) can0 416#ABFFFFFF
(1777144749.395565) can0 216#00000000
(1777144749.432543) can0 406#0D000000
(1777144749.432616) can0 416#FE000000
(1777144749.432616) can0 416#FE000000
(1777144749.447402) can0 236#01
(1777144749.449108) can0 216#10270000
(1777144749.500953) can0 216#10270000
(1777144749.553130) can0 216#10270000
(1777144749.604753) can0 216#10270000
(1777144749.657566) can0 216#10270000
(1777144749.709664) can0 216#10270000
(1777144749.762768) can0 216#10270000
(1777144749.814921) can0 216#10270000
(1777144749.866870) can0 216#10270000
(1777144749.918002) can0 216#10270000
(1777144749.969712) can0 216#10270000
(1777144750.021818) can0 216#10270000
(1777144750.073835) can0 216#10270000
(1777144750.126873) can0 216#10270000
(1777144750.179089) can0 216#10270000
(1777144750.231136) can0 216#10270000
(1777144750.283147) can0 216#10270000
(1777144750.336166) can0 216#10270000
(1777144750.388346) can0 216#10270000
(1777144750.440660) can0 216#10270000
(1777144750.492419) can0 216#10270000
(1777144750.496674) can0 5F6#FB0000021D000002
(1777144750.496674) can0 5F6#FB0000021D000002
(1777144750.496723) can0 426#402BFEFFC0D40100
(1777144750.496800) can0 436#5014000000020100
(1777144750.496880) can0 406#04000000
(1777144750.496968) can0 416#F8FFFFFF
(1777144750.496968) can0 416#F8FFFFFF
(1777144750.544413) can0 216#10270000
(1777144750.546489) can0 406#FCFFFFFF
(1777144750.546609) can0 416#57FFFFFF
(1777144750.546609) can0 416#57FFFFFF
(1777144750.596095) can0 216#10270000
(1777144750.596592) can0 406#F8FFFFFF
(1777144750.596616) can0 416#ACFFFFFF
(1777144750.596616) can0 416#ACFFFFFF
(1777144750.646682) can0 406#E2FFFFFF
(1777144750.646703) can0 416#59FEFFFF
(1777144750.646703) can0 416#59FEFFFF
(1777144750.647993) can0 216#10270000
(1777144750.696611) can0 406#D2FFFFFF
(1777144750.696635) can0 416#AEFEFFFF
(1777144750.696635) can0 416#AEFEFFFF
(1777144750.699991) can0 216#10270000
(1777144750.746695) can0 406#C9FFFFFF
(1777144750.746719) can0 416#57FFFFFF
(1777144750.746719) can0 416#57FFFFFF
(1777144750.752041) can0 216#10270000
(1777144750.796505) can0 406#B0FFFFFF
(1777144750.796682) can0 416#05FEFFFF
(1777144750.796682) can0 416#05FEFFFF
(1777144750.803928) can0 216#10270000
(1777144750.846645) can0 406#8AFFFFFF
(1777144750.846668) can0 416#07FDFFFF
(1777144750.846668) can0 416#07FDFFFF
(1777144750.855799) can0 216#10270000
(1777144750.896721) can0 406#5BFFFFFF
(1777144750.896748) can0 416#5EFCFFFF
(1777144750.896748) can0 416#5EFCFFFF
(1777144750.907783) can0 216#10270000
(1777144750.946648) can0 406#13FFFFFF
(1777144750.946675) can0 416#63FAFFFF
(1777144750.946675) can0 416#63FAFFFF
(1777144750.959576) can0 216#10270000
(1777144750.996672) can0 406#A1FEFFFF
(1777144750.996695) can0 416#16F7FFFF
(1777144750.996695) can0 416#16F7FFFF
(1777144750.996774) can0 5F6#FB0000021D000002
(1777144750.996774) can0 5F6#FB0000021D000002
(1777144750.996911) can0 426#402BFEFFC0D40100
(1777144750.997001) can0 436#5014000000020100
(1777144751.011267) can0 216#10270000
(1777144751.046519) can0 406#DBFDFFFF
(1777144751.046572) can0 416#7CF0FFFF
(1777144751.046572) can0 416#7CF0FFFF
(1777144751.063255) can0 216#10270000
(1777144751.096602) can0 406#0CFDFFFF
(1777144751.096659) can0 416#D3EFFFFF
(1777144751.096659) can0 416#D3EFFFFF
(1777144751.115137) can0 216#10270000
(1777144751.146508) can0 406#41FCFFFF
(1777144751.146576) can0 416#27F0FFFF
(1777144751.146576) can0 416#27F0FFFF
(1777144751.167288) can0 216#10270000
(1777144751.196550) can0 406#72FBFFFF
(1777144751.196607) can0 416#D3EFFFFF
(1777144751.196607) can0 416#D3EFFFFF
(1777144751.219709) can0 216#10270000
(1777144751.246609) can0 406#9AFAFFFF
(1777144751.246633) can0 416#2AEFFFFF
(1777144751.246633) can0 416#2AEFFFFF
(1777144751.271578) can0 216#10270000
(1777144751.296703) can0 406#06FAFFFF
(1777144751.296723) can0 416#72F4FFFF
(1777144751.296723) can0 416#72F4FFFF
(1777144751.323588) can0 216#10270000
(1777144751.346615) can0 406#7FF9FFFF
(1777144751.346637) can0 416#70F5FFFF
(1777144751.346637) can0 416#70F5FFFF
(1777144751.375568) can0 216#10270000
(1777144751.396603) can0 406#EBF8FFFF
(1777144751.396658) can0 416#72F4FFFF
(1777144751.396658) can0 416#72F4FFFF
(1777144751.427405) can0 216#10270000
(1777144751.446579) can0 406#75F8FFFF
(1777144751.446621) can0 416#C2F6FFFF
(1777144751.446621) can0 416#C2F6FFFF
(1777144751.479216) can0 216#10270000
(1777144751.496599) can0 406#03F8FFFF
(1777144751.496616) can0 416#16F7FFFF
(1777144751.496616) can0 416#16F7FFFF
(1777144751.496761) can0 5F6#FB0000021D000002
(1777144751.496761) can0 5F6#FB0000021D000002
(1777144751.496793) can0 426#402BFEFFC0D40100
(1777144751.496980) can0 436#5014000000020100
(1777144751.531346) can0 216#10270000
(1777144751.546585) can0 406#A6F7FFFF
(1777144751.546599) can0 416#BDF8FFFF
(1777144751.546599) can0 416#BDF8FFFF
(1777144751.583245) can0 216#10270000
(1777144751.596689) can0 406#67F7FFFF
(1777144751.596704) can0 416#0CFBFFFF
(1777144751.596704) can0 416#0CFBFFFF
(1777144751.635326) can0 216#10270000
(1777144751.646608) can0 406#0EF7FFFF
(1777144751.646622) can0 416#11F9FFFF
(1777144751.646622) can0 416#11F9FFFF
(1777144751.687433) can0 216#10270000
(1777144751.696686) can0 406#A8F6FFFF
(1777144751.696700) can0 416#14F8FFFF
(1777144751.696700) can0 416#14F8FFFF
(1777144751.739890) can0 216#10270000
(1777144751.746569) can0 406#54F6FFFF
(1777144751.746630) can0 416#66F9FFFF
(1777144751.746630) can0 416#66F9FFFF
(1777144751.792179) can0 216#10270000
(1777144751.796597) can0 406#14F6FFFF
(1777144751.796661) can0 416#0CFBFFFF
(1777144751.796661) can0 416#0CFBFFFF
(1777144751.845203) can0 216#10270000
(1777144751.846524) can0 406#F3F5FFFF
(1777144751.846610) can0 416#5CFDFFFF
(1777144751.846610) can0 416#5CFDFFFF
(1777144751.896704) can0 406#E6F5FFFF
(1777144751.896733) can0 416#02FFFFFF
(1777144751.896733) can0 416#02FFFFFF
(1777144751.897788) can0 216#10270000
(1777144751.946554) can0 406#D9F5FFFF
(1777144751.946610) can0 416#02FFFFFF
(1777144751.946610) can0 416#02FFFFFF
(1777144751.949658) can0 216#10270000
(1777144751.996528) can0 406#CDF5FFFF
(1777144751.996575) can0 416#02FFFFFF
(1777144751.996575) can0 416#02FFFFFF
(1777144751.996665) can0 5F6#FB0000021D000002
(1777144751.996665) can0 5F6#FB0000021D000002
(1777144751.996796) can0 426#402BFEFFC0D40100
(1777144751.996929) can0 436#5014000000020100
(1777144752.001613) can0 216#10270000
(1777144752.046741) can0 406#CDF5FFFF
(1777144752.046771) can0 416#00000000
(1777144752.046771) can0 416#00000000
(1777144752.054692) can0 216#10270000
(1777144752.096523) can0 406#C4F5FFFF
(1777144752.096609) can0 416#57FFFFFF
(1777144752.096609) can0 416#57FFFFFF
(1777144752.107263) can0 216#10270000
(1777144752.146603) can0 406#CDF5FFFF
(1777144752.146661) can0 416#A9000000
(1777144752.146661) can0 416#A9000000
(1777144752.159652) can0 216#10270000
(1777144752.196510) can0 406#C4F5FFFF
(1777144752.196619) can0 416#57FFFFFF
(1777144752.196619) can0 416#57FFFFFF
(1777144752.213101) can0 216#10270000
(1777144752.246614) can0 406#BCF5FFFF
(1777144752.246667) can0 416#57FFFFFF
(1777144752.246667) can0 416#57FFFFFF
(1777144752.265474) can0 216#10270000
(1777144752.296550) can0 406#BCF5FFFF
(1777144752.296610) can0 416#00000000
(1777144752.296610) can0 416#00000000
(1777144752.317360) can0 216#10270000
(1777144752.346616) can0 406#AFF5FFFF
(1777144752.346666) can0 416#03FFFFFF
(1777144752.346666) can0 416#03FFFFFF
(1777144752.369235) can0 216#10270000
(1777144752.396563) can0 406#B3F5FFFF
(1777144752.396625) can0 416#54000000
(1777144752.396625) can0 416#54000000
(1777144752.421915) can0 216#10270000
(1777144752.446506) can0 406#A7F5FFFF
(1777144752.446568) can0 416#02FFFFFF
(1777144752.446568) can0 416#02FFFFFF
(1777144752.473982) can0 216#00000000
(1777144752.496517) can0 406#B3F5FFFF
(1777144752.496609) can0 416#FE000000
(1777144752.496609) can0 416#FE000000
(1777144752.496743) can0 5F6#FB0000021D000002
(1777144752.496743) can0 5F6#FB0000021D000002
(1777144752.496873) can0 426#402BFEFFC0D40100
(1777144752.496965) can0 436#5014000000020100
(1777144752.526710) can0 216#00000000
(1777144752.546505) can0 406#A7F5FFFF
(1777144752.546610) can0 416#02FFFFFF
(1777144752.546610) can0 416#02FFFFFF
(1777144752.578873) can0 216#00000000
(1777144752.596605) can0 406#AFF5FFFF
(1777144752.596663) can0 416#A9000000
(1777144752.596663) can0 416#A9000000
(1777144752.631366) can0 216#00000000
(1777144752.646538) can0 406#ABF5FFFF
(1777144752.646566) can0 416#ABFFFFFF
(1777144752.646566) can0 416#ABFFFFFF
(1777144752.684486) can0 216#00000000
(1777144752.696582) can0 406#ABF5FFFF
(1777144752.696660) can0 416#00000000
(1777144752.696660) can0 416#00000000
(1777144752.737466) can0 216#00000000
(1777144752.746479) can0 406#ABF5FFFF
(1777144752.746610) can0 416#00000000
(1777144752.746610) can0 416#00000000
(1777144752.790572) can0 216#00000000
(1777144752.796582) can0 406#ABF5FFFF
(1777144752.796662) can0 416#00000000
(1777144752.796662) can0 416#00000000
(1777144752.843568) can0 216#00000000
(1777144752.846539) can0 406#ABF5FFFF
(1777144752.846616) can0 416#00000000
(1777144752.846616) can0 416#00000000
(1777144752.896469) can0 216#00000000
(1777144752.896599) can0 406#AFF5FFFF
(1777144752.896691) can0 416#55000000
(1777144752.896691) can0 416#55000000
(1777144752.946524) can0 406#AFF5FFFF
(1777144752.946611) can0 416#00000000
(1777144752.946611) can0 416#00000000
(1777144752.948484) can0 216#00000000
(1777144752.996521) can0 406#ABF5FFFF
(1777144752.996574) can0 416#ABFFFFFF
(1777144752.996574) can0 416#ABFFFFFF
(1777144752.996661) can0 5F6#FB0000021D000002
(1777144752.996661) can0 5F6#FB0000021D000002
(1777144752.996798) can0 426#402BFEFFC0D40100
(1777144752.996887) can0 436#5014000000020100
(1777144753.000235) can0 216#00000000
(1777144753.046578) can0 406#AFF5FFFF
(1777144753.046645) can0 416#55000000
(1777144753.046645) can0 416#55000000
(1777144753.053239) can0 216#00000000
(1777144753.096504) can0 406#A7F5FFFF
(1777144753.096567) can0 416#57FFFFFF
(1777144753.096567) can0 416#57FFFFFF
(1777144753.105489) can0 216#00000000
(1777144753.146600) can0 406#AFF5FFFF
(1777144753.146647) can0 416#A9000000
(1777144753.146647) can0 416#A9000000
(1777144753.157473) can0 216#00000000
(1777144753.196513) can0 406#A7F5FFFF
(1777144753.196568) can0 416#57FFFFFF
(1777144753.196568) can0 416#57FFFFFF
(1777144753.209486) can0 216#00000000
(1777144753.246589) can0 406#B3F5FFFF
(1777144753.246659) can0 416#FE000000
(1777144753.246659) can0 416#FE000000
(1777144753.262306) can0 216#00000000
(1777144753.296525) can0 406#A7F5FFFF
(1777144753.296573) can0 416#02FFFFFF
(1777144753.296573) can0 416#02FFFFFF
(1777144753.315319) can0 216#00000000
(1777144753.346680) can0 406#AFF5FFFF
(1777144753.346716) can0 416#A9000000
(1777144753.346716) can0 416#A9000000
(1777144753.367481) can0 216#00000000
(1777144753.396637) can0 406#ABF5FFFF
(1777144753.396662) can0 416#ABFFFFFF
(1777144753.396662) can0 416#ABFFFFFF
(1777144753.419417) can0 216#00000000
(1777144753.446606) can0 406#ABF5FFFF
(1777144753.446657) can0 416#00000000
(1777144753.446657) can0 416#00000000
(1777144753.471469) can0 216#00000000
(1777144753.496546) can0 406#A7F5FFFF
(1777144753.496623) can0 416#ACFFFFFF
(1777144753.496623) can0 416#ACFFFFFF
(1777144753.496712) can0 5F6#FB0000021D000002
(1777144753.496712) can0 5F6#FB0000021D000002
(1777144753.496844) can0 426#402BFEFFC0D40100
(1777144753.496976) can0 436#5014000000020100
(1777144753.524201) can0 216#00000000
(1777144753.546514) can0 406#A2F5FFFF
(1777144753.546578) can0 416#ACFFFFFF
(1777144753.546578) can0 416#ACFFFFFF
(1777144753.577065) can0 216#00000000
(1777144753.596541) can0 406#A2F5FFFF
(1777144753.596625) can0 416#00000000
(1777144753.596625) can0 416#00000000
(1777144753.629909) can0 216#00000000
(1777144753.646484) can0 406#AFF5FFFF
(1777144753.646609) can0 416#FE000000
(1777144753.646609) can0 416#FE000000
(1777144753.682797) can0 216#00000000
(1777144753.696586) can0 406#ABF5FFFF
(1777144753.696663) can0 416#ABFFFFFF
(1777144753.696663) can0 416#ABFFFFFF
(1777144753.735654) can0 216#00000000
(1777144753.746495) can0 406#A2F5FFFF
(1777144753.746655) can0 416#57FFFFFF
(1777144753.746655) can0 416#57FFFFFF
(1777144753.788577) can0 216#00000000
(1777144753.796596) can0 406#9EF5FFFF
(1777144753.796665) can0 416#ACFFFFFF
(1777144753.796665) can0 416#ACFFFFFF
(1777144753.840932) can0 216#00000000
(1777144753.846481) can0 406#A7F5FFFF
(1777144753.846610) can0 416#A9000000
(1777144753.846610) can0 416#A9000000
(1777144753.893815) can0 216#00000000
(1777144753.896585) can0 406#ABF5FFFF
(1777144753.896665) can0 416#54000000
(1777144753.896665) can0 416#54000000
(1777144753.945323) can0 216#00000000
(1777144753.946519) can0 406#A2F5FFFF
(1777144753.946607) can0 416#57FFFFFF
(1777144753.946607) can0 416#57FFFFFF
(1777144753.996489) can0 5F6#FB0000021D000002
(1777144753.996489) can0 5F6#FB0000021D000002
(1777144753.996614) can0 426#402BFEFFC0D40100
(1777144753.996747) can0 436#5014000000020100
(1777144753.996837) can0 406#AFF5FFFF
(1777144753.996925) can0 416#FE000000
(1777144753.996925) can0 416#FE000000
(1777144753.998038) can0 216#F0D8FFFF
(1777144754.046540) can0 406#ABF5FFFF
(1777144754.046615) can0 416#ABFFFFFF
(1777144754.046615) can0 416#ABFFFFFF
(1777144754.049714) can0 216#F0D8FFFF
(1777144754.096485) can0 406#A7F5FFFF
(1777144754.096567) can0 416#ACFFFFFF
(1777144754.096567) can0 416#ACFFFFFF
(1777144754.101202) can0 216#F0D8FFFF
(1777144754.146566) can0 406#AFF5FFFF
(1777144754.146619) can0 416#A9000000
(1777144754.146619) can0 416#A9000000
(1777144754.153844) can0 216#F0D8FFFF
(1777144754.196514) can0 406#A7F5FFFF
(1777144754.196564) can0 416#57FFFFFF
(1777144754.196564) can0 416#57FFFFFF
(1777144754.205614) can0 216#F0D8FFFF
(1777144754.246548) can0 406#A7F5FFFF
(1777144754.246622) can0 416#00000000
(1777144754.246622) can0 416#00000000
(1777144754.258764) can0 216#F0D8FFFF
(1777144754.296498) can0 406#ABF5FFFF
(1777144754.296578) can0 416#54000000
(1777144754.296578) can0 416#54000000
(1777144754.310479) can0 216#F0D8FFFF
(1777144754.346559) can0 406#AFF5FFFF
(1777144754.346617) can0 416#55000000
(1777144754.346617) can0 416#55000000
(1777144754.363232) can0 216#F0D8FFFF
(1777144754.396485) can0 406#AFF5FFFF
(1777144754.396609) can0 416#00000000
(1777144754.396609) can0 416#00000000
(1777144754.414697) can0 216#F0D8FFFF
(1777144754.446590) can0 406#A7F5FFFF
(1777144754.446664) can0 416#57FFFFFF
(1777144754.446664) can0 416#57FFFFFF
(1777144754.467474) can0 216#F0D8FFFF
(1777144754.496496) can0 406#A7F5FFFF
(1777144754.496571) can0 416#00000000
(1777144754.496571) can0 416#00000000
(1777144754.496702) can0 5F6#FB0000021D000002
(1777144754.496702) can0 5F6#FB0000021D000002
(1777144754.496837) can0 426#402BFEFFC0D40100
(1777144754.496969) can0 436#5014000000020100
(1777144754.520408) can0 216#F0D8FFFF
(1777144754.546486) can0 406#AFF5FFFF
(1777144754.546567) can0 416#A9000000
(1777144754.546567) can0 416#A9000000
(1777144754.571816) can0 216#F0D8FFFF
(1777144754.596556) can0 406#ABF5FFFF
(1777144754.596624) can0 416#ABFFFFFF
(1777144754.596624) can0 416#ABFFFFFF
(1777144754.624786) can0 216#F0D8FFFF
(1777144754.646495) can0 406#ABF5FFFF
(1777144754.646572) can0 416#00000000
(1777144754.646572) can0 416#00000000
(1777144754.676487) can0 216#F0D8FFFF
(1777144754.696582) can0 406#B3F5FFFF
(1777144754.696646) can0 416#A9000000
(1777144754.696646) can0 416#A9000000
(1777144754.729486) can0 216#F0D8FFFF
(1777144754.746502) can0 406#AFF5FFFF
(1777144754.746577) can0 416#ACFFFFFF
(1777144754.746577) can0 416#ACFFFFFF
(1777144754.780931) can0 216#F0D8FFFF
(1777144754.796577) can0 406#AFF5FFFF
(1777144754.796656) can0 416#00000000
(1777144754.796656) can0 416#00000000
(1777144754.832872) can0 216#F0D8FFFF
(1777144754.846502) can0 406#ABF5FFFF
(1777144754.846579) can0 416#ABFFFFFF
(1777144754.846579) can0 416#ABFFFFFF
(1777144754.885654) can0 216#F0D8FFFF
(1777144754.896581) can0 406#A7F5FFFF
(1777144754.896661) can0 416#ACFFFFFF
(1777144754.896661) can0 416#ACFFFFFF
(1777144754.937183) can0 216#F0D8FFFF
(1777144754.946485) can0 406#AFF5FFFF
(1777144754.946608) can0 416#A9000000
(1777144754.946608) can0 416#A9000000
(1777144754.989421) can0 216#F0D8FFFF
(1777144754.996585) can0 406#A2F5FFFF
(1777144754.996664) can0 416#02FFFFFF
(1777144754.996664) can0 416#02FFFFFF
(1777144754.996754) can0 5F6#FB0000021D000002
(1777144754.996754) can0 5F6#FB0000021D000002
(1777144754.996888) can0 426#402BFEFFC0D40100
(1777144754.997019) can0 436#5014000000020100
(1777144755.041569) can0 216#F0D8FFFF
(1777144755.046538) can0 406#B3F5FFFF
(1777144755.046615) can0 416#52010000
(1777144755.046615) can0 416#52010000
(1777144755.093579) can0 216#F0D8FFFF
(1777144755.096478) can0 406#ABF5FFFF
(1777144755.096566) can0 416#57FFFFFF
(1777144755.096566) can0 416#57FFFFFF
(1777144755.145618) can0 216#F0D8FFFF
(1777144755.146541) can0 406#B3F5FFFF
(1777144755.146627) can0 416#A9000000
(1777144755.146627) can0 416#A9000000
(1777144755.196500) can0 406#B8F5FFFF
(1777144755.196566) can0 416#54000000
(1777144755.196566) can0 416#54000000
(1777144755.197819) can0 216#F0D8FFFF
(1777144755.246569) can0 406#B8F5FFFF
(1777144755.246624) can0 416#00000000
(1777144755.246624) can0 416#00000000
(1777144755.249952) can0 216#F0D8FFFF
(1777144755.296490) can0 406#AFF5FFFF
(1777144755.296565) can0 416#57FFFFFF
(1777144755.296565) can0 416#57FFFFFF
(1777144755.303483) can0 216#F0D8FFFF
(1777144755.346535) can0 406#B8F5FFFF
(1777144755.346616) can0 416#A9000000
(1777144755.346616) can0 416#A9000000
(1777144755.355489) can0 216#F0D8FFFF
(1777144755.396589) can0 406#AFF5FFFF
(1777144755.396637) can0 416#57FFFFFF
(1777144755.396637) can0 416#57FFFFFF
(1777144755.407267) can0 216#F0D8FFFF
(1777144755.446588) can0 406#AFF5FFFF
(1777144755.446664) can0 416#00000000
(1777144755.446664) can0 416#00000000
(1777144755.459236) can0 216#F0D8FFFF
(1777144755.496490) can0 406#C0F5FFFF
(1777144755.496609) can0 416#52010000
(1777144755.496609) can0 416#52010000
(1777144755.496696) can0 5F6#FB0000021D000002
(1777144755.496696) can0 5F6#FB0000021D000002
(1777144755.496828) can0 426#402BFEFFC0D40100
(1777144755.496962) can0 436#5014000000020100
(1777144755.511270) can0 216#F0D8FFFF
(1777144755.546503) can0 406#BCF5FFFF
(1777144755.546577) can0 416#ABFFFFFF
(1777144755.546577) can0 416#ABFFFFFF
(1777144755.563192) can0 216#F0D8FFFF
(1777144755.596530) can0 406#BCF5FFFF
(1777144755.596608) can0 416#00000000
(1777144755.596608) can0 416#00000000
(1777144755.615092) can0 216#F0D8FFFF
(1777144755.646490) can0 406#B3F5FFFF
(1777144755.646577) can0 416#57FFFFFF
(1777144755.646577) can0 416#57FFFFFF
(1777144755.666891) can0 216#F0D8FFFF
(1777144755.696603) can0 406#B3F5FFFF
(1777144755.696622) can0 416#00000000
(1777144755.696622) can0 416#00000000
(1777144755.718742) can0 216#F0D8FFFF
(1777144755.746508) can0 406#B3F5FFFF
(1777144755.746635) can0 416#00000000
(1777144755.746635) can0 416#00000000
(1777144755.770787) can0 216#F0D8FFFF
(1777144755.796524) can0 406#BCF5FFFF
(1777144755.796609) can0 416#A9000000
(1777144755.796609) can0 416#A9000000
(1777144755.822786) can0 216#F0D8FFFF
(1777144755.846496) can0 406#BCF5FFFF
(1777144755.846572) can0 416#00000000
(1777144755.846572) can0 416#00000000
(1777144755.874769) can0 216#F0D8FFFF
(1777144755.896552) can0 406#C4F5FFFF
(1777144755.896621) can0 416#A9000000
(1777144755.896621) can0 416#A9000000
(1777144755.926803) can0 216#F0D8FFFF
(1777144755.946586) can0 406#BCF5FFFF
(1777144755.946638) can0 416#57FFFFFF
(1777144755.946638) can0 416#57FFFFFF
(1777144755.978747) can0 216#F0D8FFFF
(1777144755.996549) can0 406#C0F5FFFF
(1777144755.996620) can0 416#55000000
(1777144755.996620) can0 416#55000000
(1777144755.996754) can0 5F6#FB0000021D000002
(1777144755.996754) can0 5F6#FB0000021D000002
(1777144755.996887) can0 426#402BFEFFC0D40100
(1777144755.996977) can0 436#5014000000020100
(1777144756.030701) can0 216#F0D8FFFF
(1777144756.046513) can0 406#C4F5FFFF
(1777144756.046576) can0 416#54000000
(1777144756.046576) can0 416#54000000
(1777144756.082805) can0 216#F0D8FFFF
(1777144756.096509) can0 406#C8F5FFFF
(1777144756.096578) can0 416#54000000
(1777144756.096578) can0 416#54000000
(1777144756.134847) can0 216#F0D8FFFF
(1777144756.146551) can0 406#C4F5FFFF
(1777144756.146610) can0 416#ACFFFFFF
(1777144756.146610) can0 416#ACFFFFFF
(1777144756.186922) can0 216#F0D8FFFF
(1777144756.196500) can0 406#C0F5FFFF
(1777144756.196572) can0 416#ACFFFFFF
(1777144756.196572) can0 416#ACFFFFFF
(1777144756.238850) can0 216#F0D8FFFF
(1777144756.246535) can0 406#D1F5FFFF
(1777144756.246644) can0 416#52010000
(1777144756.246644) can0 416#52010000
(1777144756.291262) can0 216#F0D8FFFF
(1777144756.296503) can0 406#C4F5FFFF
(1777144756.296578) can0 416#02FFFFFF
(1777144756.296578) can0 416#02FFFFFF
(1777144756.343282) can0 216#F0D8FFFF
(1777144756.346577) can0 406#C0F5FFFF
(1777144756.346654) can0 416#ACFFFFFF
(1777144756.346654) can0 416#ACFFFFFF
(1777144756.395327) can0 216#F0D8FFFF
(1777144756.396618) can0 406#CDF5FFFF
(1777144756.396634) can0 416#FD000000
(1777144756.396634) can0 416#FD000000
(1777144756.446548) can0 406#CDF5FFFF
(1777144756.446683) can0 416#00000000
(1777144756.446683) can0 416#00000000
(1777144756.447032) can0 216#F0D8FFFF
(1777144756.496614) can0 406#C8F5FFFF
(1777144756.496634) can0 416#ACFFFFFF
(1777144756.496634) can0 416#ACFFFFFF
(1777144756.496788) can0 5F6#FB0000021D000002
(1777144756.496788) can0 5F6#FB0000021D000002
(1777144756.496806) can0 426#402BFEFFC0D40100
(1777144756.496987) can0 436#5014000000020100
(1777144756.499019) can0 216#F0D8FFFF
(1777144756.546599) can0 406#CDF5FFFF
(1777144756.546657) can0 416#54000000
(1777144756.546657) can0 416#54000000
(1777144756.552408) can0 216#F0D8FFFF
(1777144756.596557) can0 406#D1F5FFFF
(1777144756.596624) can0 416#55000000
(1777144756.596624) can0 416#55000000
(1777144756.604651) can0 216#F0D8FFFF
(1777144756.646489) can0 406#C8F5FFFF
(1777144756.646596) can0 416#57FFFFFF
(1777144756.646596) can0 416#57FFFFFF
(1777144756.656558) can0 216#F0D8FFFF
(1777144756.696534) can0 406#C8F5FFFF
(1777144756.696697) can0 416#00000000
(1777144756.696697) can0 416#00000000
(1777144756.709832) can0 216#F0D8FFFF
(1777144756.746607) can0 406#CDF5FFFF
(1777144756.746634) can0 416#54000000
(1777144756.746634) can0 416#54000000
(1777144756.762163) can0 216#F0D8FFFF
(1777144756.796660) can0 406#DEF5FFFF
(1777144756.796673) can0 416#52010000
(1777144756.796673) can0 416#52010000
(1777144756.813909) can0 216#F0D8FFFF
(1777144756.846503) can0 406#CDF5FFFF
(1777144756.846568) can0 416#AEFEFFFF
(1777144756.846568) can0 416#AEFEFFFF
(1777144756.865746) can0 216#F0D8FFFF
(1777144756.896548) can0 406#CDF5FFFF
(1777144756.896621) can0 416#00000000
(1777144756.896621) can0 416#00000000
(1777144756.917959) can0 216#F0D8FFFF
(1777144756.946591) can0 406#D9F5FFFF
(1777144756.946614) can0 416#FE000000
(1777144756.946614) can0 416#FE000000
(1777144756.970096) can0 216#F0D8FFFF
(1777144756.996552) can0 406#CDF5FFFF
(1777144756.996622) can0 416#02FFFFFF
(1777144756.996622) can0 416#02FFFFFF
(1777144756.996755) can0 5F6#FB0000021D000002
(1777144756.996755) can0 5F6#FB0000021D000002
(1777144756.996845) can0 426#402BFEFFC0D40100
(1777144756.996976) can0 436#5014000000020100
(1777144757.022399) can0 216#00000000
(1777144757.046518) can0 406#DEF5FFFF
(1777144757.046573) can0 416#52010000
(1777144757.046573) can0 416#52010000
(1777144757.074641) can0 216#00000000
(1777144757.096550) can0 406#DEF5FFFF
(1777144757.096623) can0 416#00000000
(1777144757.096623) can0 416#00000000
(1777144757.126925) can0 216#00000000
(1777144757.146495) can0 406#E2F5FFFF
(1777144757.146610) can0 416#55000000
(1777144757.146610) can0 416#55000000
(1777144757.179232) can0 216#00000000
(1777144757.196586) can0 406#E2F5FFFF
(1777144757.196666) can0 416#00000000
(1777144757.196666) can0 416#00000000
(1777144757.231741) can0 216#00000000
(1777144757.246553) can0 406#D5F5FFFF
(1777144757.246623) can0 416#02FFFFFF
(1777144757.246623) can0 416#02FFFFFF
(1777144757.284262) can0 216#00000000
(1777144757.296508) can0 406#D9F5FFFF
(1777144757.296567) can0 416#54000000
(1777144757.296567) can0 416#54000000
(1777144757.336777) can0 216#00000000
(1777144757.346564) can0 406#D5F5FFFF
(1777144757.346620) can0 416#ACFFFFFF
(1777144757.346620) can0 416#ACFFFFFF
(1777144757.388882) can0 216#00000000
(1777144757.396510) can0 406#DEF5FFFF
(1777144757.396566) can0 416#A9000000
(1777144757.396566) can0 416#A9000000
(1777144757.440923) can0 216#00000000
(1777144757.446643) can0 406#D9F5FFFF
(1777144757.446666) can0 416#ACFFFFFF
(1777144757.446666) can0 416#ACFFFFFF
(1777144757.492957) can0 216#00000000
(1777144757.496581) can0 406#EAF5FFFF
(1777144757.496602) can0 416#52010000
(1777144757.496602) can0 416#52010000
(1777144757.496655) can0 5F6#FB0000021D000002
(1777144757.496655) can0 5F6#FB0000021D000002
(1777144757.496787) can0 426#402BFEFFC0D40100
(1777144757.496921) can0 436#5014000000020100
(1777144757.546357) can0 216#00000000
(1777144757.546567) can0 406#D5F5FFFF
(1777144757.546655) can0 416#59FEFFFF
(1777144757.546655) can0 416#59FEFFFF
(1777144757.596623) can0 406#E6F5FFFF
(1777144757.596645) can0 416#52010000
(1777144757.596645) can0 416#52010000
(1777144757.598978) can0 216#00000000
(1777144757.646694) can0 406#E2F5FFFF
(1777144757.646721) can0 416#ACFFFFFF
(1777144757.646721) can0 416#ACFFFFFF
(1777144757.651124) can0 216#00000000
(1777144757.696503) can0 406#D9F5FFFF
(1777144757.696610) can0 416#57FFFFFF
(1777144757.696610) can0 416#57FFFFFF
(1777144757.703137) can0 216#00000000
(1777144757.746587) can0 406#D9F5FFFF
(1777144757.746664) can0 416#00000000
(1777144757.746664) can0 416#00000000
(1777144757.755323) can0 216#00000000
(1777144757.796505) can0 406#D9F5FFFF
(1777144757.796609) can0 416#00000000
(1777144757.796609) can0 416#00000000
(1777144757.807549) can0 216#00000000
(1777144757.846601) can0 406#E2F5FFFF
(1777144757.846624) can0 416#A9000000
(1777144757.846624) can0 416#A9000000
(1777144757.859536) can0 216#00000000
(1777144757.896578) can0 406#D1F5FFFF
(1777144757.896623) can0 416#AEFEFFFF
(1777144757.896623) can0 416#AEFEFFFF
(1777144757.911486) can0 216#00000000
(1777144757.946520) can0 406#E2F5FFFF
(1777144757.946570) can0 416#52010000
(1777144757.946570) can0 416#52010000
(1777144757.964666) can0 216#00000000
(1777144757.996548) can0 406#E6F5FFFF
(1777144757.996622) can0 416#54000000
(1777144757.996622) can0 416#54000000
(1777144757.996710) can0 5F6#FB0000021D000002
(1777144757.996710) can0 5F6#FB0000021D000002
(1777144757.996842) can0 426#402BFEFFC0D40100
(1777144757.996975) can0 436#5014000000020100
(1777144758.016850) can0 216#00000000
(1777144758.046503) can0 406#D1F5FFFF
(1777144758.046573) can0 416#59FEFFFF
(1777144758.046573) can0 416#59FEFFFF
(1777144758.069123) can0 216#00000000
(1777144758.096563) can0 406#D9F5FFFF
(1777144758.096623) can0 416#A9000000
(1777144758.096623) can0 416#A9000000
(1777144758.121226) can0 216#00000000
(1777144758.146591) can0 406#D9F5FFFF
(1777144758.146636) can0 416#00000000
(1777144758.146636) can0 416#00000000
(1777144758.173424) can0 216#00000000
(1777144758.196653) can0 406#E2F5FFFF
(1777144758.196675) can0 416#A9000000
(1777144758.196675) can0 416#A9000000
(1777144758.225560) can0 216#00000000
(1777144758.246529) can0 406#D9F5FFFF
(1777144758.246577) can0 416#57FFFFFF
(1777144758.246577) can0 416#57FFFFFF
(1777144758.277968) can0 216#00000000
(1777144758.296682) can0 406#DEF5FFFF
(1777144758.296702) can0 416#54000000
(1777144758.296702) can0 416#54000000
(1777144758.329983) can0 216#00000000
(1777144758.346519) can0 406#DEF5FFFF
(1777144758.346572) can0 416#00000000
(1777144758.346572) can0 416#00000000
(1777144758.382030) can0 216#00000000
(1777144758.396670) can0 406#E6F5FFFF
(1777144758.396687) can0 416#A9000000
(1777144758.396687) can0 416#A9000000
(1777144758.433904) can0 216#00000000
(1777144758.446549) can0 406#D9F5FFFF
(1777144758.446611) can0 416#02FFFFFF
(1777144758.446611) can0 416#02FFFFFF
(1777144758.486278) can0 216#00000000
